--- Copying files at Mon Feb 27 19:57:19 UTC 2023
INSTALLED plugins/durable-task.jpi : 504.vb10d1ae5ba2f
INSTALLED plugins/blueocean-github-pipeline.jpi : 1.27.2
INSTALLED plugins/workflow-job.jpi : 1268.v6eb_e2ee1a_85a
INSTALLED plugins/pipeline-stage-step.jpi : 305.ve96d0205c1c6
INSTALLED plugins/snakeyaml-api.jpi : 1.33-95.va_b_a_e3e47b_fa_4
INSTALLED plugins/jakarta-activation-api.jpi : 2.0.1-3
INSTALLED plugins/blueocean-display-url.jpi : 2.4.1
INSTALLED plugins/htmlpublisher.jpi : 1.31
INSTALLED plugins/pubsub-light.jpi : 1.17
INSTALLED plugins/workflow-basic-steps.jpi : 1010.vf7a_b_98e847c1
INSTALLED plugins/blueocean-rest-impl.jpi : 1.27.2
INSTALLED plugins/apache-httpcomponents-client-4-api.jpi : 4.5.13-138.v4e7d9a_7b_a_e61
INSTALLED plugins/workflow-api.jpi : 1208.v0cc7c6e0da_9e
INSTALLED plugins/trilead-api.jpi : 2.84.v72119de229b_7
INSTALLED plugins/cloudbees-bitbucket-branch-source.jpi : 796.v6cb_1559e1673
INSTALLED plugins/token-macro.jpi : 321.vd7cc1f2a_52c8
INSTALLED plugins/matrix-project.jpi : 785.v06b_7f47b_c631
INSTALLED plugins/blueocean.jpi : 1.25.6
INSTALLED plugins/blueocean-events.jpi : 1.27.2
INSTALLED plugins/script-security.jpi : 1229.v4880b_b_e905a_6
INSTALLED plugins/git-client.jpi : 4.1.0
INSTALLED plugins/scm-api.jpi : 631.v9143df5b_e4a_a
INSTALLED plugins/blueocean-web.jpi : 1.27.2
INSTALLED plugins/workflow-step-api.jpi : 639.v6eca_cd8c04a_a_
INSTALLED plugins/junit.jpi : 1177.v90374a_ef4d09
INSTALLED plugins/pipeline-groovy-lib.jpi : 629.vb_5627b_ee2104
INSTALLED plugins/variant.jpi : 59.vf075fe829ccb
INSTALLED plugins/blueocean-i18n.jpi : 1.27.2
INSTALLED plugins/blueocean-git-pipeline.jpi : 1.27.2
INSTALLED plugins/workflow-durable-task-step.jpi : 1234.v019404b_3832a
INSTALLED plugins/pipeline-model-definition.jpi : 2.2118.v31fd5b_9944b_5
INSTALLED plugins/display-url-api.jpi : 2.3.7
INSTALLED plugins/plugin-util-api.jpi : 2.20.0
INSTALLED plugins/pipeline-build-step.jpi : 2.18.1
INSTALLED plugins/jackson2-api.jpi : 2.14.2-319.v37853346a_229
INSTALLED plugins/bouncycastle-api.jpi : 2.27
INSTALLED plugins/jjwt-api.jpi : 0.11.5-77.v646c772fddb_0
INSTALLED plugins/authentication-tokens.jpi : 1.4
INSTALLED plugins/mailer.jpi : 448.v5b_97805e3767
INSTALLED plugins/ssh-credentials.jpi : 305.v8f4381501156
INSTALLED plugins/jaxb.jpi : 2.3.8-1
INSTALLED plugins/workflow-cps.jpi : 3618.v13db_a_21f0fcf
INSTALLED plugins/blueocean-pipeline-api-impl.jpi : 1.27.2
INSTALLED plugins/instance-identity.jpi : 142.v04572ca_5b_265
INSTALLED plugins/caffeine-api.jpi : 2.9.3-65.v6a_47d0f4d1fe
INSTALLED plugins/pipeline-model-api.jpi : 2.2118.v31fd5b_9944b_5
INSTALLED plugins/jenkins-design-language.jpi : 1.27.2
INSTALLED plugins/blueocean-personalization.jpi : 1.27.2
INSTALLED plugins/font-awesome-api.jpi : 6.2.1-1
INSTALLED plugins/blueocean-autofavorite.jpi : 1.2.5
INSTALLED plugins/blueocean-pipeline-editor.jpi : 1.27.2
INSTALLED plugins/github.jpi : 1.37.0
INSTALLED plugins/echarts-api.jpi : 5.4.0-1
INSTALLED plugins/popper2-api.jpi : 2.11.6-2
INSTALLED plugins/sse-gateway.jpi : 1.26
INSTALLED plugins/blueocean-dashboard.jpi : 1.27.2
INSTALLED plugins/blueocean-jwt.jpi : 1.27.2
INSTALLED plugins/okhttp-api.jpi : 4.10.0-125.v3593b_a_f8c97b_
INSTALLED plugins/jakarta-mail-api.jpi : 2.0.1-3
INSTALLED plugins/docker-commons.jpi : 1.21
INSTALLED plugins/credentials.jpi : 1189.vf61b_a_5e2f62e
INSTALLED plugins/pipeline-milestone-step.jpi : 111.v449306f708b_7
INSTALLED plugins/bootstrap5-api.jpi : 5.2.1-3
INSTALLED plugins/pipeline-model-extensions.jpi : 2.2118.v31fd5b_9944b_5
INSTALLED plugins/javax-activation-api.jpi : 1.2.0-6
INSTALLED plugins/mina-sshd-api-core.jpi : 2.9.2-50.va_0e1f42659a_a
INSTALLED plugins/jquery3-api.jpi : 3.6.1-2
INSTALLED plugins/favorite.jpi : 2.4.1
INSTALLED plugins/pipeline-graph-analysis.jpi : 202.va_d268e64deb_3
INSTALLED plugins/commons-lang3-api.jpi : 3.12.0-36.vd97de6465d5b_
INSTALLED plugins/blueocean-pipeline-scm-api.jpi : 1.27.2
INSTALLED plugins/blueocean-config.jpi : 1.27.2
INSTALLED plugins/pipeline-input-step.jpi : 466.v6d0a_5df34f81
INSTALLED plugins/blueocean-core-js.jpi : 1.27.2
INSTALLED plugins/structs.jpi : 324.va_f5d6774f3a_d
INSTALLED plugins/github-api.jpi : 1.303-400.v35c2d8258028
INSTALLED plugins/pipeline-stage-tags-metadata.jpi : 2.2118.v31fd5b_9944b_5
INSTALLED plugins/docker-workflow.jpi : 1.29
INSTALLED plugins/workflow-scm-step.jpi : 400.v6b_89a_1317c9a_
INSTALLED plugins/workflow-multibranch.jpi : 733.v109046189126
INSTALLED plugins/ionicons-api.jpi : 31.v4757b_6987003
INSTALLED plugins/blueocean-bitbucket-pipeline.jpi : 1.27.2
INSTALLED plugins/git.jpi : 5.0.0
INSTALLED plugins/cloudbees-folder.jpi : 6.758.vfd75d09eea_a_1
INSTALLED plugins/mina-sshd-api-common.jpi : 2.9.2-50.va_0e1f42659a_a
INSTALLED plugins/branch-api.jpi : 2.1071.v1a_188a_562481
INSTALLED plugins/credentials-binding.jpi : 523.vd859a_4b_122e6
INSTALLED plugins/github-branch-source.jpi : 1701.v00cc8184df93
INSTALLED plugins/blueocean-rest.jpi : 1.27.2
INSTALLED plugins/workflow-support.jpi : 839.v35e2736cfd5c
INSTALLED plugins/checks-api.jpi : 1.8.1
INSTALLED plugins/blueocean-commons.jpi : 1.27.2
INSTALLED plugins/commons-text-api.jpi : 1.10.0-27.vb_fa_3896786a_7
INSTALLED plugins/handy-uri-templates-2-api.jpi : 2.1.8-22.v77d5b_75e6953
INSTALLED plugins/plain-credentials.jpi : 143.v1b_df8b_d3b_e48
--- Copying files at Mon Feb 27 21:20:07 UTC 2023
--- Copying files at Tue Feb 28 14:59:54 UTC 2023
--- Copying files at Tue Feb 28 15:50:44 UTC 2023
--- Copying files at Tue Feb 28 16:07:58 UTC 2023
SKIPPED plugins/blueocean.jpi : Installed version (1.27.2) has been manually upgraded from initial version (1.25.6)
SKIPPED plugins/docker-workflow.jpi : Installed version (563.vd5d2e5c4007f) has been manually upgraded from initial version (1.29)
--- Copying files at Tue Feb 28 16:20:10 UTC 2023
SKIPPED plugins/blueocean.jpi : Installed version (1.27.2) has been manually upgraded from initial version (1.25.6)
SKIPPED plugins/docker-workflow.jpi : Installed version (563.vd5d2e5c4007f) has been manually upgraded from initial version (1.29)
--- Copying files at Tue Feb 28 16:28:07 UTC 2023
SKIPPED plugins/blueocean.jpi : Installed version (1.27.2) has been manually upgraded from initial version (1.25.6)
SKIPPED plugins/docker-workflow.jpi : Installed version (563.vd5d2e5c4007f) has been manually upgraded from initial version (1.29)
--- Copying files at Tue Feb 28 16:33:43 UTC 2023
SKIPPED plugins/blueocean.jpi : Installed version (1.27.2) has been manually upgraded from initial version (1.25.6)
SKIPPED plugins/docker-workflow.jpi : Installed version (563.vd5d2e5c4007f) has been manually upgraded from initial version (1.29)
--- Copying files at Tue Feb 28 19:27:52 UTC 2023
UPGRADED plugins/cloudbees-folder.jpi : Image version (6.800.v71307ca_b_986b) is newer than installed version (6.758.vfd75d09eea_a_1)
UPGRADED plugins/credentials.jpi : Image version (1214.v1de940103927) is newer than installed version (1189.vf61b_a_5e2f62e)
SKIPPED plugins/blueocean.jpi : Installed version (1.27.2) has been manually upgraded from initial version (1.25.6)
--- Copying files at Tue Feb 28 19:29:08 UTC 2023
SKIPPED plugins/blueocean.jpi : Installed version (1.27.2) has been manually upgraded from initial version (1.25.6)
